# JRE version: Java(TM) SE Runtime Environment (12.0+33) (build 12+33)
# Java VM: Java HotSpot(TM) 64-Bit Server VM (12+33, mixed mode, sharing, tiered, compressed oops, g1 gc, windows-amd64)
Heap:
 garbage-first heap   total 66560K, used 23472K [0x0000000081000000, 0x0000000100000000)
  region size 1024K, 4 young (4096K), 4 survivors (4096K)
 Metaspace       used 43959K, capacity 45166K, committed 45360K, reserved 1089536K
  class space    used 5489K, capacity 5959K, committed 6016K, reserved 1048576K
GC Heap History (10 events):
Event: 11.649 GC heap after
{Heap after GC invocations=16 (full 0):
 garbage-first heap   total 55296K, used 16214K [0x0000000081000000, 0x0000000100000000)
  region size 1024K, 3 young (3072K), 3 survivors (3072K)
 Metaspace       used 34168K, capacity 35187K, committed 35376K, reserved 1079296K
  class space    used 4240K, capacity 4652K, committed 4736K, reserved 1048576K
}
Event: 11.754 GC heap before
{Heap before GC invocations=16 (full 0):
 garbage-first heap   total 55296K, used 21334K [0x0000000081000000, 0x0000000100000000)
  region size 1024K, 9 young (9216K), 3 survivors (3072K)
 Metaspace       used 34573K, capacity 35588K, committed 35632K, reserved 1081344K
  class space    used 4313K, capacity 4722K, committed 4736K, reserved 1048576K
}
Event: 11.760 GC heap after
{Heap after GC invocations=17 (full 0):
 garbage-first heap   total 55296K, used 16142K [0x0000000081000000, 0x0000000100000000)
  region size 1024K, 2 young (2048K), 2 survivors (2048K)
 Metaspace       used 34573K, capacity 35588K, committed 35632K, reserved 1081344K
  class space    used 4313K, capacity 4722K, committed 4736K, reserved 1048576K
}
Event: 12.295 GC heap before
{Heap before GC invocations=18 (full 0):
 garbage-first heap   total 55296K, used 39694K [0x0000000081000000, 0x0000000100000000)
  region size 1024K, 25 young (25600K), 2 survivors (2048K)
 Metaspace       used 36560K, capacity 37669K, committed 37808K, reserved 1081344K
  class space    used 4642K, capacity 5069K, committed 5120K, reserved 1048576K
}
Event: 12.303 GC heap after
{Heap after GC invocations=19 (full 0):
 garbage-first heap   total 55296K, used 17627K [0x0000000081000000, 0x0000000100000000)
  region size 1024K, 4 young (4096K), 4 survivors (4096K)
 Metaspace       used 36560K, capacity 37669K, committed 37808K, reserved 1081344K
  class space    used 4642K, capacity 5069K, committed 5120K, reserved 1048576K
}
Event: 12.675 GC heap before
{Heap before GC invocations=19 (full 0):
 garbage-first heap   total 55296K, used 39131K [0x0000000081000000, 0x0000000100000000)
  region size 1024K, 26 young (26624K), 4 survivors (4096K)
 Metaspace       used 38465K, capacity 39504K, committed 39856K, reserved 1083392K
  class space    used 4835K, capacity 5276K, committed 5376K, reserved 1048576K
}
Event: 12.691 GC heap after
{Heap after GC invocations=20 (full 0):
 garbage-first heap   total 55296K, used 17915K [0x0000000081000000, 0x0000000100000000)
  region size 1024K, 3 young (3072K), 3 survivors (3072K)
 Metaspace       used 38465K, capacity 39504K, committed 39856K, reserved 1083392K
  class space    used 4835K, capacity 5276K, committed 5376K, reserved 1048576K
}
Event: 13.156 GC heap before
{Heap before GC invocations=20 (full 0):
 garbage-first heap   total 55296K, used 39419K [0x0000000081000000, 0x0000000100000000)
  region size 1024K, 25 young (25600K), 3 survivors (3072K)
 Metaspace       used 42133K, capacity 43280K, committed 43568K, reserved 1087488K
  class space    used 5287K, capacity 5697K, committed 5760K, reserved 1048576K
}
Event: 13.163 GC heap after
{Heap after GC invocations=21 (full 0):
 garbage-first heap   total 55296K, used 20201K [0x0000000081000000, 0x0000000100000000)
  region size 1024K, 4 young (4096K), 4 survivors (4096K)
 Metaspace       used 42133K, capacity 43280K, committed 43568K, reserved 1087488K
  class space    used 5287K, capacity 5697K, committed 5760K, reserved 1048576K
}
Event: 14.015 GC heap before
{Heap before GC invocations=21 (full 0):
 garbage-first heap   total 55296K, used 41705K [0x0000000081000000, 0x0000000100000000)
  region size 1024K, 26 young (26624K), 4 survivors (4096K)
 Metaspace       used 43959K, capacity 45166K, committed 45360K, reserved 1089536K
  class space    used 5489K, capacity 5959K, committed 6016K, reserved 1048576K
}

