# JRE version: Java(TM) SE Runtime Environment (12.0+33) (build 12+33)
# Java VM: Java HotSpot(TM) 64-Bit Server VM (12+33, mixed mode, sharing, tiered, compressed oops, g1 gc, windows-amd64)
Heap:
 garbage-first heap   total 157696K, used 11171K [0x0000000081000000, 0x0000000100000000)
  region size 1024K, 6 young (6144K), 6 survivors (6144K)
 Metaspace       used 20375K, capacity 21124K, committed 21248K, reserved 1067008K
  class space    used 2528K, capacity 2799K, committed 2816K, reserved 1048576K
GC Heap History (10 events):
Event: 0.655 GC heap after
{Heap after GC invocations=1 (full 0):
 garbage-first heap   total 131072K, used 5430K [0x0000000081000000, 0x0000000100000000)
  region size 1024K, 2 young (2048K), 2 survivors (2048K)
 Metaspace       used 2349K, capacity 5642K, committed 5760K, reserved 1056768K
  class space    used 227K, capacity 542K, committed 640K, reserved 1048576K
}
Event: 0.962 GC heap before
{Heap before GC invocations=1 (full 0):
 garbage-first heap   total 131072K, used 14646K [0x0000000081000000, 0x0000000100000000)
  region size 1024K, 11 young (11264K), 2 survivors (2048K)
 Metaspace       used 4282K, capacity 6715K, committed 6912K, reserved 1056768K
  class space    used 481K, capacity 734K, committed 768K, reserved 1048576K
}
Event: 0.966 GC heap after
{Heap after GC invocations=2 (full 0):
 garbage-first heap   total 131072K, used 6147K [0x0000000081000000, 0x0000000100000000)
  region size 1024K, 1 young (1024K), 1 survivors (1024K)
 Metaspace       used 4282K, capacity 6715K, committed 6912K, reserved 1056768K
  class space    used 481K, capacity 734K, committed 768K, reserved 1048576K
}
Event: 1.560 GC heap before
{Heap before GC invocations=2 (full 0):
 garbage-first heap   total 131072K, used 33795K [0x0000000081000000, 0x0000000100000000)
  region size 1024K, 29 young (29696K), 1 survivors (1024K)
 Metaspace       used 9452K, capacity 10895K, committed 11136K, reserved 1058816K
  class space    used 1159K, capacity 1373K, committed 1408K, reserved 1048576K
}
Event: 1.564 GC heap after
{Heap after GC invocations=3 (full 0):
 garbage-first heap   total 131072K, used 7237K [0x0000000081000000, 0x0000000100000000)
  region size 1024K, 2 young (2048K), 2 survivors (2048K)
 Metaspace       used 9452K, capacity 10895K, committed 11136K, reserved 1058816K
  class space    used 1159K, capacity 1373K, committed 1408K, reserved 1048576K
}
Event: 2.007 GC heap before
{Heap before GC invocations=3 (full 0):
 garbage-first heap   total 131072K, used 48197K [0x0000000081000000, 0x0000000100000000)
  region size 1024K, 43 young (44032K), 2 survivors (2048K)
 Metaspace       used 14349K, capacity 15256K, committed 15360K, reserved 1062912K
  class space    used 1783K, capacity 1954K, committed 2048K, reserved 1048576K
}
Event: 2.014 GC heap after
{Heap after GC invocations=4 (full 0):
 garbage-first heap   total 131072K, used 8355K [0x0000000081000000, 0x0000000100000000)
  region size 1024K, 3 young (3072K), 3 survivors (3072K)
 Metaspace       used 14349K, capacity 15256K, committed 15360K, reserved 1062912K
  class space    used 1783K, capacity 1954K, committed 2048K, reserved 1048576K
}
Event: 2.921 GC heap before
{Heap before GC invocations=4 (full 0):
 garbage-first heap   total 131072K, used 64675K [0x0000000081000000, 0x0000000100000000)
  region size 1024K, 59 young (60416K), 3 survivors (3072K)
 Metaspace       used 17118K, capacity 17796K, committed 17920K, reserved 1064960K
  class space    used 2079K, capacity 2275K, committed 2304K, reserved 1048576K
}
Event: 2.930 GC heap after
{Heap after GC invocations=5 (full 0):
 garbage-first heap   total 131072K, used 9696K [0x0000000081000000, 0x0000000100000000)
  region size 1024K, 4 young (4096K), 4 survivors (4096K)
 Metaspace       used 17118K, capacity 17796K, committed 17920K, reserved 1064960K
  class space    used 2079K, capacity 2275K, committed 2304K, reserved 1048576K
}
Event: 3.817 GC heap before
{Heap before GC invocations=5 (full 0):
 garbage-first heap   total 131072K, used 35296K [0x0000000081000000, 0x0000000100000000)
  region size 1024K, 30 young (30720K), 4 survivors (4096K)
 Metaspace       used 20375K, capacity 21124K, committed 21248K, reserved 1067008K
  class space    used 2528K, capacity 2799K, committed 2816K, reserved 1048576K
}

